Analysis & Synthesis report for lab7bonus_top
Tue Dec 07 12:10:10 2021
Quartus Prime Version 18.1.0 Build 625 09/12/2018 SJ Lite Edition


---------------------
; Table of Contents ;
---------------------
  1. Legal Notice
  2. Analysis & Synthesis Summary
  3. Analysis & Synthesis Settings
  4. Parallel Compilation
  5. Analysis & Synthesis Source Files Read
  6. Analysis & Synthesis Resource Usage Summary
  7. Analysis & Synthesis Resource Utilization by Entity
  8. Analysis & Synthesis RAM Summary
  9. General Register Statistics
 10. Registers Packed Into Inferred Megafunctions
 11. Multiplexer Restructuring Statistics (Restructuring Performed)
 12. Source assignments for RAM:MEM|altsyncram:mem_rtl_0|altsyncram_20s1:auto_generated
 13. Parameter Settings for User Entity Instance: RAM:MEM
 14. Parameter Settings for Inferred Entity Instance: RAM:MEM|altsyncram:mem_rtl_0
 15. altsyncram Parameter Settings by Entity Instance
 16. Port Connectivity Checks: "cpu:CPU|instructionDecoder:instrucDec"
 17. Post-Synthesis Netlist Statistics for Top Partition
 18. Elapsed Time Per Partition
 19. Analysis & Synthesis Messages



----------------
; Legal Notice ;
----------------
Copyright (C) 2018  Intel Corporation. All rights reserved.
Your use of Intel Corporation's design tools, logic functions 
and other software and tools, and its AMPP partner logic 
functions, and any output files from any of the foregoing 
(including device programming or simulation files), and any 
associated documentation or information are expressly subject 
to the terms and conditions of the Intel Program License 
Subscription Agreement, the Intel Quartus Prime License Agreement,
the Intel FPGA IP License Agreement, or other applicable license
agreement, including, without limitation, that your use is for
the sole purpose of programming logic devices manufactured by
Intel and sold by Intel or its authorized distributors.  Please
refer to the applicable agreement for further details.



+-------------------------------------------------------------------------------+
; Analysis & Synthesis Summary                                                  ;
+---------------------------------+---------------------------------------------+
; Analysis & Synthesis Status     ; Successful - Tue Dec 07 12:10:10 2021       ;
; Quartus Prime Version           ; 18.1.0 Build 625 09/12/2018 SJ Lite Edition ;
; Revision Name                   ; lab7bonus_top                               ;
; Top-level Entity Name           ; lab7bonus_top                               ;
; Family                          ; Cyclone V                                   ;
; Logic utilization (in ALMs)     ; N/A                                         ;
; Total registers                 ; 227                                         ;
; Total pins                      ; 67                                          ;
; Total virtual pins              ; 0                                           ;
; Total block memory bits         ; 4,096                                       ;
; Total DSP Blocks                ; 0                                           ;
; Total HSSI RX PCSs              ; 0                                           ;
; Total HSSI PMA RX Deserializers ; 0                                           ;
; Total HSSI TX PCSs              ; 0                                           ;
; Total HSSI PMA TX Serializers   ; 0                                           ;
; Total PLLs                      ; 0                                           ;
; Total DLLs                      ; 0                                           ;
+---------------------------------+---------------------------------------------+


+---------------------------------------------------------------------------------------------------------------------------+
; Analysis & Synthesis Settings                                                                                             ;
+---------------------------------------------------------------------------------+--------------------+--------------------+
; Option                                                                          ; Setting            ; Default Value      ;
+---------------------------------------------------------------------------------+--------------------+--------------------+
; Device                                                                          ; 5CSEMA5F31C6       ;                    ;
; Top-level entity name                                                           ; lab7bonus_top      ; lab7bonus_top      ;
; Family name                                                                     ; Cyclone V          ; Cyclone V          ;
; Use smart compilation                                                           ; Off                ; Off                ;
; Enable parallel Assembler and Timing Analyzer during compilation                ; On                 ; On                 ;
; Enable compact report table                                                     ; Off                ; Off                ;
; Restructure Multiplexers                                                        ; Auto               ; Auto               ;
; MLAB Add Timing Constraints For Mixed-Port Feed-Through Mode Setting Don't Care ; Off                ; Off                ;
; Create Debugging Nodes for IP Cores                                             ; Off                ; Off                ;
; Preserve fewer node names                                                       ; On                 ; On                 ;
; Intel FPGA IP Evaluation Mode                                                   ; Enable             ; Enable             ;
; Verilog Version                                                                 ; Verilog_2001       ; Verilog_2001       ;
; VHDL Version                                                                    ; VHDL_1993          ; VHDL_1993          ;
; State Machine Processing                                                        ; Auto               ; Auto               ;
; Safe State Machine                                                              ; Off                ; Off                ;
; Extract Verilog State Machines                                                  ; On                 ; On                 ;
; Extract VHDL State Machines                                                     ; On                 ; On                 ;
; Ignore Verilog initial constructs                                               ; Off                ; Off                ;
; Iteration limit for constant Verilog loops                                      ; 5000               ; 5000               ;
; Iteration limit for non-constant Verilog loops                                  ; 250                ; 250                ;
; Add Pass-Through Logic to Inferred RAMs                                         ; On                 ; On                 ;
; Infer RAMs from Raw Logic                                                       ; On                 ; On                 ;
; Parallel Synthesis                                                              ; On                 ; On                 ;
; DSP Block Balancing                                                             ; Auto               ; Auto               ;
; NOT Gate Push-Back                                                              ; On                 ; On                 ;
; Power-Up Don't Care                                                             ; On                 ; On                 ;
; Remove Redundant Logic Cells                                                    ; Off                ; Off                ;
; Remove Duplicate Registers                                                      ; On                 ; On                 ;
; Ignore CARRY Buffers                                                            ; Off                ; Off                ;
; Ignore CASCADE Buffers                                                          ; Off                ; Off                ;
; Ignore GLOBAL Buffers                                                           ; Off                ; Off                ;
; Ignore ROW GLOBAL Buffers                                                       ; Off                ; Off                ;
; Ignore LCELL Buffers                                                            ; Off                ; Off                ;
; Ignore SOFT Buffers                                                             ; On                 ; On                 ;
; Limit AHDL Integers to 32 Bits                                                  ; Off                ; Off                ;
; Optimization Technique                                                          ; Balanced           ; Balanced           ;
; Carry Chain Length                                                              ; 70                 ; 70                 ;
; Auto Carry Chains                                                               ; On                 ; On                 ;
; Auto Open-Drain Pins                                                            ; On                 ; On                 ;
; Perform WYSIWYG Primitive Resynthesis                                           ; Off                ; Off                ;
; Auto ROM Replacement                                                            ; On                 ; On                 ;
; Auto RAM Replacement                                                            ; On                 ; On                 ;
; Auto DSP Block Replacement                                                      ; On                 ; On                 ;
; Auto Shift Register Replacement                                                 ; Auto               ; Auto               ;
; Allow Shift Register Merging across Hierarchies                                 ; Auto               ; Auto               ;
; Auto Clock Enable Replacement                                                   ; On                 ; On                 ;
; Strict RAM Replacement                                                          ; Off                ; Off                ;
; Allow Synchronous Control Signals                                               ; On                 ; On                 ;
; Force Use of Synchronous Clear Signals                                          ; Off                ; Off                ;
; Auto Resource Sharing                                                           ; Off                ; Off                ;
; Allow Any RAM Size For Recognition                                              ; Off                ; Off                ;
; Allow Any ROM Size For Recognition                                              ; Off                ; Off                ;
; Allow Any Shift Register Size For Recognition                                   ; Off                ; Off                ;
; Use LogicLock Constraints during Resource Balancing                             ; On                 ; On                 ;
; Ignore translate_off and synthesis_off directives                               ; Off                ; Off                ;
; Timing-Driven Synthesis                                                         ; On                 ; On                 ;
; Report Parameter Settings                                                       ; On                 ; On                 ;
; Report Source Assignments                                                       ; On                 ; On                 ;
; Report Connectivity Checks                                                      ; On                 ; On                 ;
; Ignore Maximum Fan-Out Assignments                                              ; Off                ; Off                ;
; Synchronization Register Chain Length                                           ; 3                  ; 3                  ;
; Power Optimization During Synthesis                                             ; Normal compilation ; Normal compilation ;
; HDL message level                                                               ; Level2             ; Level2             ;
; Suppress Register Optimization Related Messages                                 ; Off                ; Off                ;
; Number of Removed Registers Reported in Synthesis Report                        ; 5000               ; 5000               ;
; Number of Swept Nodes Reported in Synthesis Report                              ; 5000               ; 5000               ;
; Number of Inverted Registers Reported in Synthesis Report                       ; 100                ; 100                ;
; Clock MUX Protection                                                            ; On                 ; On                 ;
; Auto Gated Clock Conversion                                                     ; Off                ; Off                ;
; Block Design Naming                                                             ; Auto               ; Auto               ;
; SDC constraint protection                                                       ; Off                ; Off                ;
; Synthesis Effort                                                                ; Auto               ; Auto               ;
; Shift Register Replacement - Allow Asynchronous Clear Signal                    ; On                 ; On                 ;
; Pre-Mapping Resynthesis Optimization                                            ; Off                ; Off                ;
; Analysis & Synthesis Message Level                                              ; Medium             ; Medium             ;
; Disable Register Merging Across Hierarchies                                     ; Auto               ; Auto               ;
; Resource Aware Inference For Block RAM                                          ; On                 ; On                 ;
; Automatic Parallel Synthesis                                                    ; On                 ; On                 ;
; Partial Reconfiguration Bitstream ID                                            ; Off                ; Off                ;
+---------------------------------------------------------------------------------+--------------------+--------------------+


+------------------------------------------+
; Parallel Compilation                     ;
+----------------------------+-------------+
; Processors                 ; Number      ;
+----------------------------+-------------+
; Number detected on machine ; 12          ;
; Maximum allowed            ; 6           ;
;                            ;             ;
; Average used               ; 1.00        ;
; Maximum used               ; 6           ;
;                            ;             ;
; Usage by Processor         ; % Time Used ;
;     Processor 1            ; 100.0%      ;
;     Processors 2-6         ;   0.0%      ;
+----------------------------+-------------+


+-----------------------------------------------------------------------------------------------------------------------------------------------------------------------------------------------------------------------+
; Analysis & Synthesis Source Files Read                                                                                                                                                                                ;
+--------------------------------------------+-----------------+-------------------------------------------------------+--------------------------------------------------------------------------------------+---------+
; File Name with User-Entered Path           ; Used in Netlist ; File Type                                             ; File Name with Absolute Path                                                         ; Library ;
+--------------------------------------------+-----------------+-------------------------------------------------------+--------------------------------------------------------------------------------------+---------+
; shifter.v                                  ; yes             ; User Verilog HDL File                                 ; C:/Users/David/Desktop/211_labs/lab7bonus/shifter.v                                  ;         ;
; regfile.v                                  ; yes             ; User Verilog HDL File                                 ; C:/Users/David/Desktop/211_labs/lab7bonus/regfile.v                                  ;         ;
; ram.v                                      ; yes             ; User Verilog HDL File                                 ; C:/Users/David/Desktop/211_labs/lab7bonus/ram.v                                      ;         ;
; lab7bonus_top.v                            ; yes             ; User Verilog HDL File                                 ; C:/Users/David/Desktop/211_labs/lab7bonus/lab7bonus_top.v                            ;         ;
; instrucDec.v                               ; yes             ; User Verilog HDL File                                 ; C:/Users/David/Desktop/211_labs/lab7bonus/instrucDec.v                               ;         ;
; fsm.v                                      ; yes             ; User Verilog HDL File                                 ; C:/Users/David/Desktop/211_labs/lab7bonus/fsm.v                                      ;         ;
; datapath.v                                 ; yes             ; User Verilog HDL File                                 ; C:/Users/David/Desktop/211_labs/lab7bonus/datapath.v                                 ;         ;
; cpu.v                                      ; yes             ; User Verilog HDL File                                 ; C:/Users/David/Desktop/211_labs/lab7bonus/cpu.v                                      ;         ;
; constants.v                                ; yes             ; User Verilog HDL File                                 ; C:/Users/David/Desktop/211_labs/lab7bonus/constants.v                                ;         ;
; alu.v                                      ; yes             ; User Verilog HDL File                                 ; C:/Users/David/Desktop/211_labs/lab7bonus/alu.v                                      ;         ;
; altsyncram.tdf                             ; yes             ; Megafunction                                          ; c:/quartus/quartus/libraries/megafunctions/altsyncram.tdf                            ;         ;
; stratix_ram_block.inc                      ; yes             ; Megafunction                                          ; c:/quartus/quartus/libraries/megafunctions/stratix_ram_block.inc                     ;         ;
; lpm_mux.inc                                ; yes             ; Megafunction                                          ; c:/quartus/quartus/libraries/megafunctions/lpm_mux.inc                               ;         ;
; lpm_decode.inc                             ; yes             ; Megafunction                                          ; c:/quartus/quartus/libraries/megafunctions/lpm_decode.inc                            ;         ;
; aglobal181.inc                             ; yes             ; Megafunction                                          ; c:/quartus/quartus/libraries/megafunctions/aglobal181.inc                            ;         ;
; a_rdenreg.inc                              ; yes             ; Megafunction                                          ; c:/quartus/quartus/libraries/megafunctions/a_rdenreg.inc                             ;         ;
; altrom.inc                                 ; yes             ; Megafunction                                          ; c:/quartus/quartus/libraries/megafunctions/altrom.inc                                ;         ;
; altram.inc                                 ; yes             ; Megafunction                                          ; c:/quartus/quartus/libraries/megafunctions/altram.inc                                ;         ;
; altdpram.inc                               ; yes             ; Megafunction                                          ; c:/quartus/quartus/libraries/megafunctions/altdpram.inc                              ;         ;
; db/altsyncram_20s1.tdf                     ; yes             ; Auto-Generated Megafunction                           ; C:/Users/David/Desktop/211_labs/lab7bonus/db/altsyncram_20s1.tdf                     ;         ;
; db/lab7bonus_top.ram0_RAM_adc09678.hdl.mif ; yes             ; Auto-Generated Auto-Found Memory Initialization File  ; C:/Users/David/Desktop/211_labs/lab7bonus/db/lab7bonus_top.ram0_RAM_adc09678.hdl.mif ;         ;
+--------------------------------------------+-----------------+-------------------------------------------------------+--------------------------------------------------------------------------------------+---------+


+--------------------------------------------------------------+
; Analysis & Synthesis Resource Usage Summary                  ;
+---------------------------------------------+----------------+
; Resource                                    ; Usage          ;
+---------------------------------------------+----------------+
; Estimate of Logic utilization (ALMs needed) ; 210            ;
;                                             ;                ;
; Combinational ALUT usage for logic          ; 296            ;
;     -- 7 input functions                    ; 13             ;
;     -- 6 input functions                    ; 90             ;
;     -- 5 input functions                    ; 84             ;
;     -- 4 input functions                    ; 81             ;
;     -- <=3 input functions                  ; 28             ;
;                                             ;                ;
; Dedicated logic registers                   ; 227            ;
;                                             ;                ;
; I/O pins                                    ; 67             ;
; Total MLAB memory bits                      ; 0              ;
; Total block memory bits                     ; 4096           ;
;                                             ;                ;
; Total DSP Blocks                            ; 0              ;
;                                             ;                ;
; Maximum fan-out node                        ; CLOCK_50~input ;
; Maximum fan-out                             ; 235            ;
; Total fan-out                               ; 2484           ;
; Average fan-out                             ; 3.69           ;
+---------------------------------------------+----------------+


+---------------------------------------------------------------------------------------------------------------------------------------------------------------------------------------------------------------------------------------------------------------------+
; Analysis & Synthesis Resource Utilization by Entity                                                                                                                                                                                                                 ;
+-------------------------------------------+---------------------+---------------------------+-------------------+------------+------+--------------+----------------------------------------------------------------------------+--------------------+--------------+
; Compilation Hierarchy Node                ; Combinational ALUTs ; Dedicated Logic Registers ; Block Memory Bits ; DSP Blocks ; Pins ; Virtual Pins ; Full Hierarchy Name                                                        ; Entity Name        ; Library Name ;
+-------------------------------------------+---------------------+---------------------------+-------------------+------------+------+--------------+----------------------------------------------------------------------------+--------------------+--------------+
; |lab7bonus_top                            ; 296 (25)            ; 227 (8)                   ; 4096              ; 0          ; 67   ; 0            ; |lab7bonus_top                                                             ; lab7bonus_top      ; work         ;
;    |RAM:MEM|                              ; 0 (0)               ; 0 (0)                     ; 4096              ; 0          ; 0    ; 0            ; |lab7bonus_top|RAM:MEM                                                     ; RAM                ; work         ;
;       |altsyncram:mem_rtl_0|              ; 0 (0)               ; 0 (0)                     ; 4096              ; 0          ; 0    ; 0            ; |lab7bonus_top|RAM:MEM|altsyncram:mem_rtl_0                                ; altsyncram         ; work         ;
;          |altsyncram_20s1:auto_generated| ; 0 (0)               ; 0 (0)                     ; 4096              ; 0          ; 0    ; 0            ; |lab7bonus_top|RAM:MEM|altsyncram:mem_rtl_0|altsyncram_20s1:auto_generated ; altsyncram_20s1    ; work         ;
;    |cpu:CPU|                              ; 243 (18)            ; 219 (34)                  ; 0                 ; 0          ; 0    ; 0            ; |lab7bonus_top|cpu:CPU                                                     ; cpu                ; work         ;
;       |controlFSM:FSM|                    ; 61 (61)             ; 6 (6)                     ; 0                 ; 0          ; 0    ; 0            ; |lab7bonus_top|cpu:CPU|controlFSM:FSM                                      ; controlFSM         ; work         ;
;       |datapath:DP|                       ; 160 (54)            ; 179 (51)                  ; 0                 ; 0          ; 0    ; 0            ; |lab7bonus_top|cpu:CPU|datapath:DP                                         ; datapath           ; work         ;
;          |ALU:U2|                         ; 48 (48)             ; 0 (0)                     ; 0                 ; 0          ; 0    ; 0            ; |lab7bonus_top|cpu:CPU|datapath:DP|ALU:U2                                  ; ALU                ; work         ;
;          |regfile:REGFILE|                ; 57 (57)             ; 128 (128)                 ; 0                 ; 0          ; 0    ; 0            ; |lab7bonus_top|cpu:CPU|datapath:DP|regfile:REGFILE                         ; regfile            ; work         ;
;          |shifter:U1|                     ; 1 (1)               ; 0 (0)                     ; 0                 ; 0          ; 0    ; 0            ; |lab7bonus_top|cpu:CPU|datapath:DP|shifter:U1                              ; shifter            ; work         ;
;       |instructionDecoder:instrucDec|     ; 4 (4)               ; 0 (0)                     ; 0                 ; 0          ; 0    ; 0            ; |lab7bonus_top|cpu:CPU|instructionDecoder:instrucDec                       ; instructionDecoder ; work         ;
;    |sseg:H0|                              ; 7 (7)               ; 0 (0)                     ; 0                 ; 0          ; 0    ; 0            ; |lab7bonus_top|sseg:H0                                                     ; sseg               ; work         ;
;    |sseg:H1|                              ; 7 (7)               ; 0 (0)                     ; 0                 ; 0          ; 0    ; 0            ; |lab7bonus_top|sseg:H1                                                     ; sseg               ; work         ;
;    |sseg:H2|                              ; 7 (7)               ; 0 (0)                     ; 0                 ; 0          ; 0    ; 0            ; |lab7bonus_top|sseg:H2                                                     ; sseg               ; work         ;
;    |sseg:H3|                              ; 7 (7)               ; 0 (0)                     ; 0                 ; 0          ; 0    ; 0            ; |lab7bonus_top|sseg:H3                                                     ; sseg               ; work         ;
+-------------------------------------------+---------------------+---------------------------+-------------------+------------+------+--------------+----------------------------------------------------------------------------+--------------------+--------------+
Note: For table entries with two numbers listed, the numbers in parentheses indicate the number of resources of the given type used by the specific entity alone. The numbers listed outside of parentheses indicate the total resources of the given type used by the specific entity and all of its sub-entities in the hierarchy.


+------------------------------------------------------------------------------------------------------------------------------------------------------------------------------------------------------------------+
; Analysis & Synthesis RAM Summary                                                                                                                                                                                 ;
+------------------------------------------------------------------------+------+------------------+--------------+--------------+--------------+--------------+------+--------------------------------------------+
; Name                                                                   ; Type ; Mode             ; Port A Depth ; Port A Width ; Port B Depth ; Port B Width ; Size ; MIF                                        ;
+------------------------------------------------------------------------+------+------------------+--------------+--------------+--------------+--------------+------+--------------------------------------------+
; RAM:MEM|altsyncram:mem_rtl_0|altsyncram_20s1:auto_generated|ALTSYNCRAM ; AUTO ; Simple Dual Port ; 256          ; 16           ; 256          ; 16           ; 4096 ; db/lab7bonus_top.ram0_RAM_adc09678.hdl.mif ;
+------------------------------------------------------------------------+------+------------------+--------------+--------------+--------------+--------------+------+--------------------------------------------+


+------------------------------------------------------+
; General Register Statistics                          ;
+----------------------------------------------+-------+
; Statistic                                    ; Value ;
+----------------------------------------------+-------+
; Total registers                              ; 227   ;
; Number of registers using Synchronous Clear  ; 9     ;
; Number of registers using Synchronous Load   ; 26    ;
; Number of registers using Asynchronous Clear ; 0     ;
; Number of registers using Asynchronous Load  ; 0     ;
; Number of registers using Clock Enable       ; 221   ;
; Number of registers using Preset             ; 0     ;
+----------------------------------------------+-------+


+------------------------------------------------+
; Registers Packed Into Inferred Megafunctions   ;
+---------------------+-------------------+------+
; Register Name       ; Megafunction      ; Type ;
+---------------------+-------------------+------+
; RAM:MEM|dout[0..15] ; RAM:MEM|mem_rtl_0 ; RAM  ;
+---------------------+-------------------+------+


+-------------------------------------------------------------------------------------------------------------------------------------------------------------------------+
; Multiplexer Restructuring Statistics (Restructuring Performed)                                                                                                          ;
+--------------------+-----------+---------------+----------------------+------------------------+------------+-----------------------------------------------------------+
; Multiplexer Inputs ; Bus Width ; Baseline Area ; Area if Restructured ; Saving if Restructured ; Registered ; Example Multiplexer Output                                ;
+--------------------+-----------+---------------+----------------------+------------------------+------------+-----------------------------------------------------------+
; 4:1                ; 9 bits    ; 18 LEs        ; 0 LEs                ; 18 LEs                 ; Yes        ; |lab7bonus_top|cpu:CPU|PC[5]                              ;
; 3:1                ; 3 bits    ; 6 LEs         ; 6 LEs                ; 0 LEs                  ; No         ; |lab7bonus_top|cpu:CPU|instructionDecoder:instrucDec|Mux2 ;
; 4:1                ; 15 bits   ; 30 LEs        ; 30 LEs               ; 0 LEs                  ; No         ; |lab7bonus_top|cpu:CPU|datapath:DP|ALU:U2|Mux1            ;
; 4:1                ; 8 bits    ; 16 LEs        ; 16 LEs               ; 0 LEs                  ; No         ; |lab7bonus_top|cpu:CPU|datapath:DP|Mux2                   ;
; 4:1                ; 8 bits    ; 16 LEs        ; 16 LEs               ; 0 LEs                  ; No         ; |lab7bonus_top|cpu:CPU|datapath:DP|Mux8                   ;
; 8:1                ; 16 bits   ; 80 LEs        ; 80 LEs               ; 0 LEs                  ; No         ; |lab7bonus_top|cpu:CPU|datapath:DP|regfile:REGFILE|Mux14  ;
; 5:1                ; 14 bits   ; 42 LEs        ; 28 LEs               ; 14 LEs                 ; No         ; |lab7bonus_top|cpu:CPU|datapath:DP|Bin[3]                 ;
+--------------------+-----------+---------------+----------------------+------------------------+------------+-----------------------------------------------------------+


+------------------------------------------------------------------------------------+
; Source assignments for RAM:MEM|altsyncram:mem_rtl_0|altsyncram_20s1:auto_generated ;
+---------------------------------+--------------------+------+----------------------+
; Assignment                      ; Value              ; From ; To                   ;
+---------------------------------+--------------------+------+----------------------+
; OPTIMIZE_POWER_DURING_SYNTHESIS ; NORMAL_COMPILATION ; -    ; -                    ;
+---------------------------------+--------------------+------+----------------------+


+------------------------------------------------------+
; Parameter Settings for User Entity Instance: RAM:MEM ;
+----------------+----------+--------------------------+
; Parameter Name ; Value    ; Type                     ;
+----------------+----------+--------------------------+
; data_width     ; 16       ; Signed Integer           ;
; addr_width     ; 8        ; Signed Integer           ;
; filename       ; data.txt ; String                   ;
+----------------+----------+--------------------------+
Note: In order to hide this table in the UI and the text report file, please set the "Show Parameter Settings in Synthesis Report" option in "Analysis and Synthesis Settings -> More Settings" to "Off".


+--------------------------------------------------------------------------------------------------+
; Parameter Settings for Inferred Entity Instance: RAM:MEM|altsyncram:mem_rtl_0                    ;
+------------------------------------+--------------------------------------------+----------------+
; Parameter Name                     ; Value                                      ; Type           ;
+------------------------------------+--------------------------------------------+----------------+
; BYTE_SIZE_BLOCK                    ; 8                                          ; Untyped        ;
; AUTO_CARRY_CHAINS                  ; ON                                         ; AUTO_CARRY     ;
; IGNORE_CARRY_BUFFERS               ; OFF                                        ; IGNORE_CARRY   ;
; AUTO_CASCADE_CHAINS                ; ON                                         ; AUTO_CASCADE   ;
; IGNORE_CASCADE_BUFFERS             ; OFF                                        ; IGNORE_CASCADE ;
; WIDTH_BYTEENA                      ; 1                                          ; Untyped        ;
; OPERATION_MODE                     ; DUAL_PORT                                  ; Untyped        ;
; WIDTH_A                            ; 16                                         ; Untyped        ;
; WIDTHAD_A                          ; 8                                          ; Untyped        ;
; NUMWORDS_A                         ; 256                                        ; Untyped        ;
; OUTDATA_REG_A                      ; UNREGISTERED                               ; Untyped        ;
; ADDRESS_ACLR_A                     ; NONE                                       ; Untyped        ;
; OUTDATA_ACLR_A                     ; NONE                                       ; Untyped        ;
; WRCONTROL_ACLR_A                   ; NONE                                       ; Untyped        ;
; INDATA_ACLR_A                      ; NONE                                       ; Untyped        ;
; BYTEENA_ACLR_A                     ; NONE                                       ; Untyped        ;
; WIDTH_B                            ; 16                                         ; Untyped        ;
; WIDTHAD_B                          ; 8                                          ; Untyped        ;
; NUMWORDS_B                         ; 256                                        ; Untyped        ;
; INDATA_REG_B                       ; CLOCK1                                     ; Untyped        ;
; WRCONTROL_WRADDRESS_REG_B          ; CLOCK1                                     ; Untyped        ;
; RDCONTROL_REG_B                    ; CLOCK1                                     ; Untyped        ;
; ADDRESS_REG_B                      ; CLOCK0                                     ; Untyped        ;
; OUTDATA_REG_B                      ; UNREGISTERED                               ; Untyped        ;
; BYTEENA_REG_B                      ; CLOCK1                                     ; Untyped        ;
; INDATA_ACLR_B                      ; NONE                                       ; Untyped        ;
; WRCONTROL_ACLR_B                   ; NONE                                       ; Untyped        ;
; ADDRESS_ACLR_B                     ; NONE                                       ; Untyped        ;
; OUTDATA_ACLR_B                     ; NONE                                       ; Untyped        ;
; RDCONTROL_ACLR_B                   ; NONE                                       ; Untyped        ;
; BYTEENA_ACLR_B                     ; NONE                                       ; Untyped        ;
; WIDTH_BYTEENA_A                    ; 1                                          ; Untyped        ;
; WIDTH_BYTEENA_B                    ; 1                                          ; Untyped        ;
; RAM_BLOCK_TYPE                     ; AUTO                                       ; Untyped        ;
; BYTE_SIZE                          ; 8                                          ; Untyped        ;
; READ_DURING_WRITE_MODE_MIXED_PORTS ; OLD_DATA                                   ; Untyped        ;
; READ_DURING_WRITE_MODE_PORT_A      ; NEW_DATA_NO_NBE_READ                       ; Untyped        ;
; READ_DURING_WRITE_MODE_PORT_B      ; NEW_DATA_NO_NBE_READ                       ; Untyped        ;
; INIT_FILE                          ; db/lab7bonus_top.ram0_RAM_adc09678.hdl.mif ; Untyped        ;
; INIT_FILE_LAYOUT                   ; PORT_A                                     ; Untyped        ;
; MAXIMUM_DEPTH                      ; 0                                          ; Untyped        ;
; CLOCK_ENABLE_INPUT_A               ; NORMAL                                     ; Untyped        ;
; CLOCK_ENABLE_INPUT_B               ; NORMAL                                     ; Untyped        ;
; CLOCK_ENABLE_OUTPUT_A              ; NORMAL                                     ; Untyped        ;
; CLOCK_ENABLE_OUTPUT_B              ; NORMAL                                     ; Untyped        ;
; CLOCK_ENABLE_CORE_A                ; USE_INPUT_CLKEN                            ; Untyped        ;
; CLOCK_ENABLE_CORE_B                ; USE_INPUT_CLKEN                            ; Untyped        ;
; ENABLE_ECC                         ; FALSE                                      ; Untyped        ;
; ECC_PIPELINE_STAGE_ENABLED         ; FALSE                                      ; Untyped        ;
; WIDTH_ECCSTATUS                    ; 3                                          ; Untyped        ;
; DEVICE_FAMILY                      ; Cyclone V                                  ; Untyped        ;
; CBXI_PARAMETER                     ; altsyncram_20s1                            ; Untyped        ;
+------------------------------------+--------------------------------------------+----------------+
Note: In order to hide this table in the UI and the text report file, please set the "Show Parameter Settings in Synthesis Report" option in "Analysis and Synthesis Settings -> More Settings" to "Off".


+--------------------------------------------------------------------------+
; altsyncram Parameter Settings by Entity Instance                         ;
+-------------------------------------------+------------------------------+
; Name                                      ; Value                        ;
+-------------------------------------------+------------------------------+
; Number of entity instances                ; 1                            ;
; Entity Instance                           ; RAM:MEM|altsyncram:mem_rtl_0 ;
;     -- OPERATION_MODE                     ; DUAL_PORT                    ;
;     -- WIDTH_A                            ; 16                           ;
;     -- NUMWORDS_A                         ; 256                          ;
;     -- OUTDATA_REG_A                      ; UNREGISTERED                 ;
;     -- WIDTH_B                            ; 16                           ;
;     -- NUMWORDS_B                         ; 256                          ;
;     -- ADDRESS_REG_B                      ; CLOCK0                       ;
;     -- OUTDATA_REG_B                      ; UNREGISTERED                 ;
;     -- RAM_BLOCK_TYPE                     ; AUTO                         ;
;     -- READ_DURING_WRITE_MODE_MIXED_PORTS ; OLD_DATA                     ;
+-------------------------------------------+------------------------------+


+------------------------------------------------------------------------------------------------------------------+
; Port Connectivity Checks: "cpu:CPU|instructionDecoder:instrucDec"                                                ;
+--------+--------+----------+-------------------------------------------------------------------------------------+
; Port   ; Type   ; Severity ; Details                                                                             ;
+--------+--------+----------+-------------------------------------------------------------------------------------+
; sximm5 ; Output ; Info     ; Connected to dangling logic. Logic that only feeds a dangling port will be removed. ;
+--------+--------+----------+-------------------------------------------------------------------------------------+


+-----------------------------------------------------+
; Post-Synthesis Netlist Statistics for Top Partition ;
+-----------------------+-----------------------------+
; Type                  ; Count                       ;
+-----------------------+-----------------------------+
; arriav_ff             ; 227                         ;
;     ENA               ; 195                         ;
;     ENA SCLR SLD      ; 9                           ;
;     ENA SLD           ; 17                          ;
;     plain             ; 6                           ;
; arriav_lcell_comb     ; 305                         ;
;     arith             ; 26                          ;
;         3 data inputs ; 1                           ;
;         5 data inputs ; 25                          ;
;     extend            ; 13                          ;
;         7 data inputs ; 13                          ;
;     normal            ; 266                         ;
;         0 data inputs ; 2                           ;
;         1 data inputs ; 7                           ;
;         2 data inputs ; 18                          ;
;         3 data inputs ; 9                           ;
;         4 data inputs ; 81                          ;
;         5 data inputs ; 59                          ;
;         6 data inputs ; 90                          ;
; boundary_port         ; 67                          ;
; stratixv_ram_block    ; 16                          ;
;                       ;                             ;
; Max LUT depth         ; 7.30                        ;
; Average LUT depth     ; 3.30                        ;
+-----------------------+-----------------------------+


+-------------------------------+
; Elapsed Time Per Partition    ;
+----------------+--------------+
; Partition Name ; Elapsed Time ;
+----------------+--------------+
; Top            ; 00:00:02     ;
+----------------+--------------+


+-------------------------------+
; Analysis & Synthesis Messages ;
+-------------------------------+
Info: *******************************************************************
Info: Running Quartus Prime Analysis & Synthesis
    Info: Version 18.1.0 Build 625 09/12/2018 SJ Lite Edition
    Info: Processing started: Tue Dec 07 12:09:52 2021
Info: Command: quartus_map --read_settings_files=on --write_settings_files=off lab7bonus_top -c lab7bonus_top
Warning (18236): Number of processors has not been specified which may cause overloading on shared machines.  Set the global assignment NUM_PARALLEL_PROCESSORS in your QSF to an appropriate value for best performance.
Info (20030): Parallel compilation is enabled and will use 6 of the 6 processors detected
Info (12021): Found 1 design units, including 1 entities, in source file shifter.v
    Info (12023): Found entity 1: shifter File: C:/Users/David/Desktop/211_labs/lab7bonus/shifter.v Line: 6
Info (12021): Found 1 design units, including 1 entities, in source file regfile.v
    Info (12023): Found entity 1: regfile File: C:/Users/David/Desktop/211_labs/lab7bonus/regfile.v Line: 1
Info (12021): Found 1 design units, including 1 entities, in source file ram.v
    Info (12023): Found entity 1: RAM File: C:/Users/David/Desktop/211_labs/lab7bonus/ram.v Line: 8
Warning (10261): Verilog HDL Event Control warning at lab7bonus_top.v(52): Event Control contains a complex event expression File: C:/Users/David/Desktop/211_labs/lab7bonus/lab7bonus_top.v Line: 52
Info (12021): Found 2 design units, including 2 entities, in source file lab7bonus_top.v
    Info (12023): Found entity 1: lab7bonus_top File: C:/Users/David/Desktop/211_labs/lab7bonus/lab7bonus_top.v Line: 3
    Info (12023): Found entity 2: sseg File: C:/Users/David/Desktop/211_labs/lab7bonus/lab7bonus_top.v Line: 71
Info (12021): Found 1 design units, including 1 entities, in source file instrucdec.v
    Info (12023): Found entity 1: instructionDecoder File: C:/Users/David/Desktop/211_labs/lab7bonus/instrucDec.v Line: 10
Info (12021): Found 1 design units, including 1 entities, in source file fsm.v
    Info (12023): Found entity 1: controlFSM File: C:/Users/David/Desktop/211_labs/lab7bonus/fsm.v Line: 12
Info (12021): Found 1 design units, including 1 entities, in source file datapath.v
    Info (12023): Found entity 1: datapath File: C:/Users/David/Desktop/211_labs/lab7bonus/datapath.v Line: 4
Info (12021): Found 1 design units, including 1 entities, in source file cpu.v
    Info (12023): Found entity 1: cpu File: C:/Users/David/Desktop/211_labs/lab7bonus/cpu.v Line: 9
Info (12021): Found 0 design units, including 0 entities, in source file constants.v
Info (12021): Found 1 design units, including 1 entities, in source file alu.v
    Info (12023): Found entity 1: ALU File: C:/Users/David/Desktop/211_labs/lab7bonus/alu.v Line: 7
Warning (10236): Verilog HDL Implicit Net warning at cpu.v(64): created implicit net for "write" File: C:/Users/David/Desktop/211_labs/lab7bonus/cpu.v Line: 64
Info (12127): Elaborating entity "lab7bonus_top" for the top level hierarchy
Info (12128): Elaborating entity "cpu" for hierarchy "cpu:CPU" File: C:/Users/David/Desktop/211_labs/lab7bonus/lab7bonus_top.v Line: 32
Warning (10230): Verilog HDL assignment warning at cpu.v(42): truncated value with size 32 to match size of target (9) File: C:/Users/David/Desktop/211_labs/lab7bonus/cpu.v Line: 42
Warning (10230): Verilog HDL assignment warning at cpu.v(44): truncated value with size 16 to match size of target (9) File: C:/Users/David/Desktop/211_labs/lab7bonus/cpu.v Line: 44
Info (12128): Elaborating entity "datapath" for hierarchy "cpu:CPU|datapath:DP" File: C:/Users/David/Desktop/211_labs/lab7bonus/cpu.v Line: 79
Info (12128): Elaborating entity "regfile" for hierarchy "cpu:CPU|datapath:DP|regfile:REGFILE" File: C:/Users/David/Desktop/211_labs/lab7bonus/datapath.v Line: 72
Info (12128): Elaborating entity "shifter" for hierarchy "cpu:CPU|datapath:DP|shifter:U1" File: C:/Users/David/Desktop/211_labs/lab7bonus/datapath.v Line: 87
Info (12128): Elaborating entity "ALU" for hierarchy "cpu:CPU|datapath:DP|ALU:U2" File: C:/Users/David/Desktop/211_labs/lab7bonus/datapath.v Line: 102
Info (12128): Elaborating entity "instructionDecoder" for hierarchy "cpu:CPU|instructionDecoder:instrucDec" File: C:/Users/David/Desktop/211_labs/lab7bonus/cpu.v Line: 92
Info (12128): Elaborating entity "controlFSM" for hierarchy "cpu:CPU|controlFSM:FSM" File: C:/Users/David/Desktop/211_labs/lab7bonus/cpu.v Line: 122
Info (12128): Elaborating entity "RAM" for hierarchy "RAM:MEM" File: C:/Users/David/Desktop/211_labs/lab7bonus/lab7bonus_top.v Line: 42
Warning (10850): Verilog HDL warning at ram.v(22): number of words (14) in memory file does not match the number of elements in the address range [0:255] File: C:/Users/David/Desktop/211_labs/lab7bonus/ram.v Line: 22
Info (12128): Elaborating entity "sseg" for hierarchy "sseg:H0" File: C:/Users/David/Desktop/211_labs/lab7bonus/lab7bonus_top.v Line: 61
Warning (13046): Tri-state node(s) do not directly drive top-level pin(s)
    Warning (13048): Converted tri-state node "read_data[15]" into a selector File: C:/Users/David/Desktop/211_labs/lab7bonus/datapath.v Line: 57
    Warning (13048): Converted tri-state node "read_data[14]" into a selector File: C:/Users/David/Desktop/211_labs/lab7bonus/datapath.v Line: 57
    Warning (13048): Converted tri-state node "read_data[13]" into a selector File: C:/Users/David/Desktop/211_labs/lab7bonus/datapath.v Line: 57
    Warning (13048): Converted tri-state node "read_data[12]" into a selector File: C:/Users/David/Desktop/211_labs/lab7bonus/datapath.v Line: 57
    Warning (13048): Converted tri-state node "read_data[11]" into a selector File: C:/Users/David/Desktop/211_labs/lab7bonus/datapath.v Line: 57
    Warning (13048): Converted tri-state node "read_data[10]" into a selector File: C:/Users/David/Desktop/211_labs/lab7bonus/datapath.v Line: 57
    Warning (13048): Converted tri-state node "read_data[9]" into a selector File: C:/Users/David/Desktop/211_labs/lab7bonus/datapath.v Line: 57
    Warning (13048): Converted tri-state node "read_data[8]" into a selector File: C:/Users/David/Desktop/211_labs/lab7bonus/datapath.v Line: 57
    Warning (13048): Converted tri-state node "read_data[7]" into a selector File: C:/Users/David/Desktop/211_labs/lab7bonus/datapath.v Line: 57
    Warning (13048): Converted tri-state node "read_data[6]" into a selector File: C:/Users/David/Desktop/211_labs/lab7bonus/datapath.v Line: 57
    Warning (13048): Converted tri-state node "read_data[5]" into a selector File: C:/Users/David/Desktop/211_labs/lab7bonus/datapath.v Line: 57
    Warning (13048): Converted tri-state node "read_data[4]" into a selector File: C:/Users/David/Desktop/211_labs/lab7bonus/datapath.v Line: 57
    Warning (13048): Converted tri-state node "read_data[3]" into a selector File: C:/Users/David/Desktop/211_labs/lab7bonus/datapath.v Line: 57
    Warning (13048): Converted tri-state node "read_data[2]" into a selector File: C:/Users/David/Desktop/211_labs/lab7bonus/datapath.v Line: 57
    Warning (13048): Converted tri-state node "read_data[1]" into a selector File: C:/Users/David/Desktop/211_labs/lab7bonus/datapath.v Line: 57
    Warning (13048): Converted tri-state node "read_data[0]" into a selector File: C:/Users/David/Desktop/211_labs/lab7bonus/datapath.v Line: 57
Info (19000): Inferred 1 megafunctions from design logic
    Info (276029): Inferred altsyncram megafunction from the following design logic: "RAM:MEM|mem_rtl_0" 
        Info (286033): Parameter OPERATION_MODE set to DUAL_PORT
        Info (286033): Parameter WIDTH_A set to 16
        Info (286033): Parameter WIDTHAD_A set to 8
        Info (286033): Parameter NUMWORDS_A set to 256
        Info (286033): Parameter WIDTH_B set to 16
        Info (286033): Parameter WIDTHAD_B set to 8
        Info (286033): Parameter NUMWORDS_B set to 256
        Info (286033): Parameter ADDRESS_ACLR_A set to NONE
        Info (286033): Parameter OUTDATA_REG_B set to UNREGISTERED
        Info (286033): Parameter ADDRESS_ACLR_B set to NONE
        Info (286033): Parameter OUTDATA_ACLR_B set to NONE
        Info (286033): Parameter ADDRESS_REG_B set to CLOCK0
        Info (286033): Parameter INDATA_ACLR_A set to NONE
        Info (286033): Parameter WRCONTROL_ACLR_A set to NONE
        Info (286033): Parameter INIT_FILE set to db/lab7bonus_top.ram0_RAM_adc09678.hdl.mif
        Info (286033): Parameter READ_DURING_WRITE_MODE_MIXED_PORTS set to OLD_DATA
Info (12130): Elaborated megafunction instantiation "RAM:MEM|altsyncram:mem_rtl_0"
Info (12133): Instantiated megafunction "RAM:MEM|altsyncram:mem_rtl_0" with the following parameter:
    Info (12134): Parameter "OPERATION_MODE" = "DUAL_PORT"
    Info (12134): Parameter "WIDTH_A" = "16"
    Info (12134): Parameter "WIDTHAD_A" = "8"
    Info (12134): Parameter "NUMWORDS_A" = "256"
    Info (12134): Parameter "WIDTH_B" = "16"
    Info (12134): Parameter "WIDTHAD_B" = "8"
    Info (12134): Parameter "NUMWORDS_B" = "256"
    Info (12134): Parameter "ADDRESS_ACLR_A" = "NONE"
    Info (12134): Parameter "OUTDATA_REG_B" = "UNREGISTERED"
    Info (12134): Parameter "ADDRESS_ACLR_B" = "NONE"
    Info (12134): Parameter "OUTDATA_ACLR_B" = "NONE"
    Info (12134): Parameter "ADDRESS_REG_B" = "CLOCK0"
    Info (12134): Parameter "INDATA_ACLR_A" = "NONE"
    Info (12134): Parameter "WRCONTROL_ACLR_A" = "NONE"
    Info (12134): Parameter "INIT_FILE" = "db/lab7bonus_top.ram0_RAM_adc09678.hdl.mif"
    Info (12134): Parameter "READ_DURING_WRITE_MODE_MIXED_PORTS" = "OLD_DATA"
Info (12021): Found 1 design units, including 1 entities, in source file db/altsyncram_20s1.tdf
    Info (12023): Found entity 1: altsyncram_20s1 File: C:/Users/David/Desktop/211_labs/lab7bonus/db/altsyncram_20s1.tdf Line: 27
Warning (127007): Memory Initialization File or Hexadecimal (Intel-Format) File "C:/Users/David/Desktop/211_labs/lab7bonus/db/lab7bonus_top.ram0_RAM_adc09678.hdl.mif" contains "don't care" values -- overwriting them with 0s File: c:/quartus/quartus/libraries/megafunctions/altsyncram.tdf Line: 791
Warning (127007): Memory Initialization File or Hexadecimal (Intel-Format) File "C:/Users/David/Desktop/211_labs/lab7bonus/db/lab7bonus_top.ram0_RAM_adc09678.hdl.mif" contains "don't care" values -- overwriting them with 0s File: c:/quartus/quartus/libraries/megafunctions/altsyncram.tdf Line: 791
Warning (13024): Output pins are stuck at VCC or GND
    Warning (13410): Pin "LEDR[9]" is stuck at GND File: C:/Users/David/Desktop/211_labs/lab7bonus/lab7bonus_top.v Line: 7
    Warning (13410): Pin "HEX4[0]" is stuck at VCC File: C:/Users/David/Desktop/211_labs/lab7bonus/lab7bonus_top.v Line: 8
    Warning (13410): Pin "HEX4[1]" is stuck at VCC File: C:/Users/David/Desktop/211_labs/lab7bonus/lab7bonus_top.v Line: 8
    Warning (13410): Pin "HEX4[2]" is stuck at VCC File: C:/Users/David/Desktop/211_labs/lab7bonus/lab7bonus_top.v Line: 8
    Warning (13410): Pin "HEX4[3]" is stuck at VCC File: C:/Users/David/Desktop/211_labs/lab7bonus/lab7bonus_top.v Line: 8
    Warning (13410): Pin "HEX4[4]" is stuck at VCC File: C:/Users/David/Desktop/211_labs/lab7bonus/lab7bonus_top.v Line: 8
    Warning (13410): Pin "HEX4[5]" is stuck at VCC File: C:/Users/David/Desktop/211_labs/lab7bonus/lab7bonus_top.v Line: 8
    Warning (13410): Pin "HEX4[6]" is stuck at VCC File: C:/Users/David/Desktop/211_labs/lab7bonus/lab7bonus_top.v Line: 8
    Warning (13410): Pin "HEX5[1]" is stuck at VCC File: C:/Users/David/Desktop/211_labs/lab7bonus/lab7bonus_top.v Line: 8
    Warning (13410): Pin "HEX5[2]" is stuck at VCC File: C:/Users/David/Desktop/211_labs/lab7bonus/lab7bonus_top.v Line: 8
    Warning (13410): Pin "HEX5[4]" is stuck at VCC File: C:/Users/David/Desktop/211_labs/lab7bonus/lab7bonus_top.v Line: 8
    Warning (13410): Pin "HEX5[5]" is stuck at VCC File: C:/Users/David/Desktop/211_labs/lab7bonus/lab7bonus_top.v Line: 8
Info (286030): Timing-Driven Synthesis is running
Info (16010): Generating hard_block partition "hard_block:auto_generated_inst"
    Info (16011): Adding 0 node(s), including 0 DDIO, 0 PLL, 0 transceiver and 0 LCELL
Warning (21074): Design contains 4 input pin(s) that do not drive logic
    Warning (15610): No output dependent on input pin "KEY[2]" File: C:/Users/David/Desktop/211_labs/lab7bonus/lab7bonus_top.v Line: 4
    Warning (15610): No output dependent on input pin "KEY[3]" File: C:/Users/David/Desktop/211_labs/lab7bonus/lab7bonus_top.v Line: 4
    Warning (15610): No output dependent on input pin "SW[8]" File: C:/Users/David/Desktop/211_labs/lab7bonus/lab7bonus_top.v Line: 5
    Warning (15610): No output dependent on input pin "SW[9]" File: C:/Users/David/Desktop/211_labs/lab7bonus/lab7bonus_top.v Line: 5
Info (21057): Implemented 573 device resources after synthesis - the final resource count might be different
    Info (21058): Implemented 15 input pins
    Info (21059): Implemented 52 output pins
    Info (21061): Implemented 490 logic cells
    Info (21064): Implemented 16 RAM segments
Info: Quartus Prime Analysis & Synthesis was successful. 0 errors, 43 warnings
    Info: Peak virtual memory: 4849 megabytes
    Info: Processing ended: Tue Dec 07 12:10:10 2021
    Info: Elapsed time: 00:00:18
    Info: Total CPU time (on all processors): 00:00:32


